C51 COMPILER V9.54   AT24C02                                                               08/29/2022 14:01:27 PAGE 1   


C51 COMPILER V9.54, COMPILATION OF MODULE AT24C02
OBJECT MODULE PLACED IN .\Objects\AT24C02.obj
COMPILER INVOKED BY: D:\keil5\C51\BIN\C51.EXE AT24C02.c OPTIMIZE(8,SPEED) BROWSE DEBUG OBJECTEXTEND PRINT(.\Listings\AT2
                    -4C02.lst) TABS(2) OBJECT(.\Objects\AT24C02.obj)

line level    source

   1          #include <REGX52.H>
   2          #include "I2C.H"
   3          
   4          void* find_char(char string[1], unsigned char alph)
   5          {
   6   1       if (string == NULL) 
*** ERROR C202 IN LINE 6 OF AT24C02.c: 'NULL': undefined identifier
   7   1      {
   8   2       printf("Input Error!\n");
   9   2       return NULL;
  10   2       }
  11   1       for(;*string != 0; string++)
  12   1       {
  13   2       if(*string == alph)
  14   2       return string;
  15   2       }
  16   1       return NULL;
  17   1      }
  18          int main (void)
  19          {
  20   1       char *str = "Hello Robocon!";
  21   1       char* arr = (char*)find_char(str, 'o');
  22   1       printf("before:%s",str);
  23   1       if (arr == NULL)
  24   1       {
  25   2       printf("Error!\n");
  26   2       return -1;
  27   2       }
  28   1       str[1] = 'p';
  29   1       *arr = 'p';
  30   1       printf("After:%s",str);
  31   1       return 0;

C51 COMPILATION COMPLETE.  0 WARNING(S),  1 ERROR(S)
