C51 COMPILER V9.54   I2C                                                                   07/19/2022 20:45:44 PAGE 1   


C51 COMPILER V9.54, COMPILATION OF MODULE I2C
OBJECT MODULE PLACED IN .\Objects\I2C.obj
COMPILER INVOKED BY: D:\keil5\C51\BIN\C51.EXE I2C.c OPTIMIZE(8,SPEED) BROWSE DEBUG OBJECTEXTEND PRINT(.\Listings\I2C.lst
                    -) TABS(2) OBJECT(.\Objects\I2C.obj)

line level    source

   1          #include <REGX52.H>
   2          
   3          sbit I2C_SCL=P2^1;
   4          sbit I2C_SDA=P2^0;
   5          
   6          /**
   7            * @brief   I2C开始
   8            * @param   无
   9            * @retval  无
  10            */
  11          
  12          void I2C_Start(void)
  13          {
  14   1            I2C_SDA=1;
  15   1            I2C_SCL=1;
  16   1            I2C_SDA=0;
  17   1            I2C_SCL=0;     
  18   1      }
  19          
  20          
  21          /**
  22            * @brief   I2C停止
  23            * @param   无
  24            * @retval  无
  25            */
  26          
  27          void I2C_Stop(void)
  28          {
  29   1            I2C_SDA=0;
  30   1            I2C_SCL=1;
  31   1            I2C_SDA=1;  
  32   1      }
  33          
  34          
  35          /**
  36            * @brief  I2C发送一个字节
  37            * @param  Byte 要发送的字节
  38            * @retval 无
  39            */
  40          
  41          void I2C_SendByte(unsigned char Byte)
  42          {
  43   1            unsigned char i;
  44   1            for(i=0;i<8;i++)
  45   1            {
  46   2            I2C_SDA=Byte&(0x80>>i);
  47   2            I2C_SCL=1;
  48   2            I2C_SCL=0;
  49   2            }
  50   1      }
  51          
  52          /**
  53            * @brief  I2C接收一个字节
  54            * @param  无
C51 COMPILER V9.54   I2C                                                                   07/19/2022 20:45:44 PAGE 2   

  55            * @retval 接收到的一个字节
  56            */
  57          
  58          unsigned char I2C_ReceiveByte(void)
  59          {
  60   1            unsigned char i,Byte=0x00;        
  61   1            I2C_SDA=1;
  62   1            for(i=0;i<8;i++)
  63   1            {     
  64   2            I2C_SCL=1;                                  
  65   2            if(I2C_SDA){Byte|=(0x80>>i);}
  66   2            I2C_SCL=0;
  67   2            }
  68   1            return Byte;
  69   1      }
  70          
  71          /**
  72            * @brief  I2C发送应答
  73            * @param  AckBit 应答位，0为应答，1为非应答
  74            * @retval 无
  75            */
  76          
  77          void I2C_SendAck(unsigned char AckBit)
  78          {
  79   1            I2C_SDA=AckBit;
  80   1            I2C_SCL=1;
  81   1            I2C_SCL=0;  
  82   1      } 
  83          
  84          /**
  85            * @brief  I2C接收应答位
  86            * @param  无
  87            * @retval 接收到的应答位，0为应答，1为非应答
  88            */
  89          unsigned char I2C_ReceiveAck(void)
  90          {
  91   1            unsigned char Ackbit;
  92   1        
  93   1            I2C_SDA=1;      
  94   1            I2C_SCL=1;
  95   1            Ackbit=I2C_SDA;
  96   1            I2C_SCL=0;
  97   1        
  98   1            return Ackbit;
  99   1      }


MODULE INFORMATION:   STATIC OVERLAYABLE
   CODE SIZE        =    109    ----
   CONSTANT SIZE    =   ----    ----
   XDATA SIZE       =   ----    ----
   PDATA SIZE       =   ----    ----
   DATA SIZE        =   ----    ----
   IDATA SIZE       =   ----    ----
   BIT SIZE         =   ----    ----
END OF MODULE INFORMATION.


C51 COMPILATION COMPLETE.  0 WARNING(S),  0 ERROR(S)
