C51 COMPILER V9.54   SEND                                                                  08/29/2022 14:37:27 PAGE 1   


C51 COMPILER V9.54, COMPILATION OF MODULE SEND
OBJECT MODULE PLACED IN .\Objects\SEND.obj
COMPILER INVOKED BY: D:\keil5\C51\BIN\C51.EXE SEND.c OPTIMIZE(8,SPEED) BROWSE DEBUG OBJECTEXTEND PRINT(.\Listings\SEND.l
                    -st) TABS(2) OBJECT(.\Objects\SEND.obj)

line level    source

   1          #include <REGX52.H>
   2          #include "I2C.H"
   3          
   4          #define SLAVE_ADDRESS 0x10
   5          
   6          void send(void)
   7          {
   8   1      unsigned int i;
   9   1        
  10   1      unsigned char str[]="Hello Robocon";
  11   1      unsigned char *pstr=str;
  12   1      for(i=0;i<13;i++)
  13   1        {
  14   2          I2C_Start();
  15   2          I2C_SendByte(SLAVE_ADDRESS);
  16   2          I2C_ReceiveAck();
  17   2          I2C_SendByte(*pstr++);
  18   2          I2C_ReceiveAck();
  19   2          I2C_SendByte(str[i]);
  20   2          I2C_ReceiveAck();
  21   2          I2C_Stop();
  22   2        }
  23   1      
  24   1      }
  25          


MODULE INFORMATION:   STATIC OVERLAYABLE
   CODE SIZE        =    102    ----
   CONSTANT SIZE    =     14    ----
   XDATA SIZE       =   ----    ----
   PDATA SIZE       =   ----    ----
   DATA SIZE        =   ----      19
   IDATA SIZE       =   ----    ----
   BIT SIZE         =   ----    ----
END OF MODULE INFORMATION.


C51 COMPILATION COMPLETE.  0 WARNING(S),  0 ERROR(S)
